<?xml version="1.0" encoding="UTF-8"?>
<testsuite xmlns:xsi="http://www.w3.org/2001/XMLSchema-instance" xsi:noNamespaceSchemaLocation="https://maven.apache.org/surefire/maven-surefire-plugin/xsd/surefire-test-report.xsd" name="dao.UserDAO.UserDaoTest" time="0.016" tests="3" errors="1" skipped="0" failures="0">
  <properties>
[...]
</properties>
  <testcase name="testsaveUser" classname="dao.UserDAO.UserDaoTest" time="0.016">
    <error message="java.sql.SQLException: Duplicate entry &apos;hdlazy777&apos; for key &apos;username&apos; Query: INSERT INTO t_user (username,password,email) VALUES(?,?,?) Parameters: [hdlazy777, hdlazy777, hdlazy@qq.com]" type="java.lang.RuntimeException">java.lang.RuntimeException: java.sql.SQLException: Duplicate entry 'hdlazy777' for key 'username' Query: INSERT INTO t_user (username,password,email) VALUES(?,?,?) Parameters: [hdlazy777, hdlazy777, hdlazy@qq.com]
	at dao.UserDAO.UserDaoTest.testsaveUser(UserDaoTest.java:49)
Caused by: java.sql.SQLException: Duplicate entry 'hdlazy777' for key 'username' Query: INSERT INTO t_user (username,password,email) VALUES(?,?,?) Parameters: [hdlazy777, hdlazy777, hdlazy@qq.com]
	at dao.UserDAO.UserDaoTest.testsaveUser(UserDaoTest.java:49)
</error>
    <system-err><![CDATA[java.sql.SQLException: Duplicate entry 'hdlazy777' for key 'username' Query: INSERT INTO t_user (username,password,email) VALUES(?,?,?) Parameters: [hdlazy777, hdlazy777, hdlazy@qq.com]
	at org.apache.commons.dbutils.AbstractQueryRunner.rethrow(AbstractQueryRunner.java:392)
	at org.apache.commons.dbutils.QueryRunner.update(QueryRunner.java:491)
	at org.apache.commons.dbutils.QueryRunner.update(QueryRunner.java:404)
	at dao.impl.BaseDao.update(BaseDao.java:29)
	at dao.impl.UserDaoImpl.saveUser(UserDaoImpl.java:32)
	at dao.UserDAO.UserDaoTest.testsaveUser(UserDaoTest.java:49)
	at sun.reflect.NativeMethodAccessorImpl.invoke0(Native Method)
	at sun.reflect.NativeMethodAccessorImpl.invoke(NativeMethodAccessorImpl.java:62)
	at sun.reflect.DelegatingMethodAccessorImpl.invoke(DelegatingMethodAccessorImpl.java:43)
	at java.lang.reflect.Method.invoke(Method.java:498)
	at junit.framework.TestCase.runTest(TestCase.java:176)
	at junit.framework.TestCase.runBare(TestCase.java:141)
	at junit.framework.TestResult$1.protect(TestResult.java:122)
	at junit.framework.TestResult.runProtected(TestResult.java:142)
	at junit.framework.TestResult.run(TestResult.java:125)
	at junit.framework.TestCase.run(TestCase.java:129)
	at junit.framework.TestSuite.runTest(TestSuite.java:255)
	at junit.framework.TestSuite.run(TestSuite.java:250)
	at org.junit.internal.runners.JUnit38ClassRunner.run(JUnit38ClassRunner.java:84)
	at org.apache.maven.surefire.junit4.JUnit4Provider.execute(JUnit4Provider.java:365)
	at org.apache.maven.surefire.junit4.JUnit4Provider.executeWithRerun(JUnit4Provider.java:273)
	at org.apache.maven.surefire.junit4.JUnit4Provider.executeTestSet(JUnit4Provider.java:238)
	at org.apache.maven.surefire.junit4.JUnit4Provider.invoke(JUnit4Provider.java:159)
	at org.apache.maven.surefire.booter.ForkedBooter.invokeProviderInSameClassLoader(ForkedBooter.java:384)
	at org.apache.maven.surefire.booter.ForkedBooter.runSuitesInProcess(ForkedBooter.java:345)
	at org.apache.maven.surefire.booter.ForkedBooter.execute(ForkedBooter.java:126)
	at org.apache.maven.surefire.booter.ForkedBooter.main(ForkedBooter.java:418)
]]></system-err>
  </testcase>
  <testcase name="testqueryUserByUsername" classname="dao.UserDAO.UserDaoTest" time="0"/>
  <testcase name="testqueryUserByUsernameAndPassword" classname="dao.UserDAO.UserDaoTest" time="0"/>
</testsuite>